INFO:     Will watch for changes in these directories: ['C:\\Users\\Onkar sinha\\Documents\\New project']
INFO:     Uvicorn running on http://127.0.0.1:8001 (Press CTRL+C to quit)
INFO:     Started reloader process [18936] using WatchFiles
INFO:     Started server process [27484]
INFO:     Waiting for application startup.
INFO:     Application startup complete.
WARNING:  WatchFiles detected changes in 'tools\verify_sast_api.py'. Reloading...
INFO:     Shutting down
INFO:     Waiting for application shutdown.
INFO:     Application shutdown complete.
INFO:     Finished server process [27484]
INFO:     Started server process [18720]
INFO:     Waiting for application startup.
INFO:     Application startup complete.
2026-03-27 22:37:19,495 INFO [scanner-tools] Running command: ['C:\\Users\\Onkar sinha\\Documents\\New project\\.venv\\Scripts\\semgrep.exe', 'scan', '--config', 'C:\\Users\\Onkar sinha\\Documents\\New project\\backend\\scanners\\semgrep_rules.yml', '--metrics', 'off', '--disable-version-check', '--no-git-ignore', '--json', 'C:\\Users\\Onkar sinha\\Documents\\New project\\backend\\data\\runs\\scan_23\\source\\WebGoat-main']
Exception in thread Thread-3 (_readerthread):
Traceback (most recent call last):
  File "C:\Users\Onkar sinha\AppData\Local\Programs\Python\Python312\Lib\threading.py", line 1075, in _bootstrap_inner
    self.run()
  File "C:\Users\Onkar sinha\AppData\Local\Programs\Python\Python312\Lib\threading.py", line 1012, in run
    self._target(*self._args, **self._kwargs)
  File "C:\Users\Onkar sinha\AppData\Local\Programs\Python\Python312\Lib\subprocess.py", line 1599, in _readerthread
    buffer.append(fh.read())
                  ^^^^^^^^^
  File "C:\Users\Onkar sinha\AppData\Local\Programs\Python\Python312\Lib\encodings\cp1252.py", line 23, in decode
    return codecs.charmap_decode(input,self.errors,decoding_table)[0]
           ^^^^^^^^^^^^^^^^^^^^^^^^^^^^^^^^^^^^^^^^^^^^^^^^^^^^^^^
UnicodeDecodeError: 'charmap' codec can't decode byte 0x90 in position 722: character maps to <undefined>
2026-03-27 22:37:54,579 INFO [scanner-tools] Command finished with exit code 0
2026-03-27 22:37:54,581 ERROR [scan-engine] SAST scan 23 failed
Traceback (most recent call last):
  File "C:\Users\Onkar sinha\Documents\New project\backend\scanners\engine.py", line 124, in _run_sast
    semgrep_findings, semgrep_tool, semgrep_stdout, semgrep_stderr = run_semgrep(source_dir)
                                                                     ^^^^^^^^^^^^^^^^^^^^^^^
  File "C:\Users\Onkar sinha\Documents\New project\backend\scanners\sast.py", line 159, in run_semgrep
    if "Traceback" in result.stderr or "Fatal error:" in result.stderr or "Failed to " in result.stderr:
       ^^^^^^^^^^^^^^^^^^^^^^^^^^^^
TypeError: argument of type 'NoneType' is not iterable
WARNING:  WatchFiles detected changes in 'backend\scanners\base.py'. Reloading...
INFO:     Shutting down
INFO:     Waiting for application shutdown.
INFO:     Application shutdown complete.
INFO:     Finished server process [18720]
WARNING:  WatchFiles detected changes in 'backend\scanners\sast.py'. Reloading...
INFO:     Started server process [1948]
INFO:     Waiting for application startup.
INFO:     Application startup complete.
ERROR:    Traceback (most recent call last):
  File "C:\Users\Onkar sinha\AppData\Local\Programs\Python\Python312\Lib\asyncio\runners.py", line 118, in run
    return self._loop.run_until_complete(task)
           ^^^^^^^^^^^^^^^^^^^^^^^^^^^^^^^^^^^
  File "C:\Users\Onkar sinha\AppData\Local\Programs\Python\Python312\Lib\asyncio\base_events.py", line 691, in run_until_complete
    return future.result()
           ^^^^^^^^^^^^^^^
asyncio.exceptions.CancelledError

During handling of the above exception, another exception occurred:

Traceback (most recent call last):
  File "C:\Users\Onkar sinha\AppData\Local\Programs\Python\Python312\Lib\asyncio\runners.py", line 195, in run
    return runner.run(main)
           ^^^^^^^^^^^^^^^^
  File "C:\Users\Onkar sinha\AppData\Local\Programs\Python\Python312\Lib\asyncio\runners.py", line 123, in run
    raise KeyboardInterrupt()
KeyboardInterrupt

During handling of the above exception, another exception occurred:

Traceback (most recent call last):
  File "C:\Users\Onkar sinha\Documents\New project\.venv\Lib\site-packages\starlette\routing.py", line 701, in lifespan
    await receive()
  File "C:\Users\Onkar sinha\Documents\New project\.venv\Lib\site-packages\uvicorn\lifespan\on.py", line 137, in receive
    return await self.receive_queue.get()
           ^^^^^^^^^^^^^^^^^^^^^^^^^^^^^^
  File "C:\Users\Onkar sinha\AppData\Local\Programs\Python\Python312\Lib\asyncio\queues.py", line 158, in get
    await getter
asyncio.exceptions.CancelledError

INFO:     Started server process [20756]
INFO:     Waiting for application startup.
INFO:     Application startup complete.
2026-03-27 22:41:26,514 INFO [scanner-tools] Running command: ['C:\\Program Files\\Git\\cmd\\git.EXE', 'clone', '--depth', '1', 'https://github.com/WebGoat/WebGoat', 'C:\\Users\\Onkar sinha\\Documents\\New project\\backend\\data\\runs\\scan_24\\source']
2026-03-27 22:41:47,304 INFO [scanner-tools] Command finished with exit code 0
2026-03-27 22:41:47,494 INFO [scanner-tools] Running command: ['C:\\Users\\Onkar sinha\\Documents\\New project\\.venv\\Scripts\\semgrep.exe', 'scan', '--config', 'C:\\Users\\Onkar sinha\\Documents\\New project\\backend\\scanners\\semgrep_rules.yml', '--metrics', 'off', '--disable-version-check', '--no-git-ignore', '--json', 'C:\\Users\\Onkar sinha\\Documents\\New project\\backend\\data\\runs\\scan_24\\source']
2026-03-27 22:42:06,584 INFO [scanner-tools] Command finished with exit code 0
